<?xml version="1.0" encoding="UTF-8"?>
<testsuite name="JsonDatabaseTest" tests="1" skipped="0" failures="0" errors="0" timestamp="2021-03-30T08:44:06" hostname="MacBook-Pro.local" time="0.242">
  <properties/>
  <testcase name="start" classname="JsonDatabaseTest" time="0.242"/>
  <system-out><![CDATA[?[1;31m
Start test 1?[0m
Server started!
Client started!
Sent: exit
?[1;31m
Start test 2?[0m
Server started!
Client started!
Sent: get 1
Received: ERROR
Client started!
Sent: set 1 Hello world!
Received: OK
Client started!
Sent: set 1 HelloWorld!
Received: OK
Client started!
Sent: get 1
Received: -i 1 -m HelloWorld!
Client started!
Sent: delete 1
Received: OK
Client started!
Sent: delete 1
Received: OK
Client started!
Sent: get 1
Received: ERROR
Client started!
Sent: set 55 Some text here
Received: OK
Client started!
Sent: get 55
Received: -i 55 -m Some text here
Client started!
Sent: get 56
Received: ERROR
Client started!
Sent: delete 55
Received: OK
Client started!
Sent: delete 56
Received: OK
Client started!
Sent: delete 100
Received: OK
Client started!
Sent: delete 1001
Received: ERROR
Client started!
Sent: exit
]]></system-out>
  <system-err><![CDATA[java.io.EOFException
	at java.base/java.io.DataInputStream.readUnsignedShort(DataInputStream.java:345)
	at java.base/java.io.DataInputStream.readUTF(DataInputStream.java:594)
	at java.base/java.io.DataInputStream.readUTF(DataInputStream.java:569)
	at client.Main.main(Main.java:33)
	at java.base/jdk.internal.reflect.NativeMethodAccessorImpl.invoke0(Native Method)
	at java.base/jdk.internal.reflect.NativeMethodAccessorImpl.invoke(NativeMethodAccessorImpl.java:62)
	at java.base/jdk.internal.reflect.DelegatingMethodAccessorImpl.invoke(DelegatingMethodAccessorImpl.java:43)
	at java.base/java.lang.reflect.Method.invoke(Method.java:566)
	at org.hyperskill.hstest.testing.execution.MainMethodExecutor.invokeMain(MainMethodExecutor.java:153)
	at org.hyperskill.hstest.testing.execution.MainMethodExecutor.lambda$launch$0(MainMethodExecutor.java:179)
	at java.base/java.util.concurrent.Executors$RunnableAdapter.call(Executors.java:515)
	at java.base/java.util.concurrent.FutureTask.run(FutureTask.java:264)
	at java.base/java.util.concurrent.ThreadPoolExecutor.runWorker(ThreadPoolExecutor.java:1128)
	at java.base/java.util.concurrent.ThreadPoolExecutor$Worker.run(ThreadPoolExecutor.java:628)
	at java.base/java.lang.Thread.run(Thread.java:834)
java.io.EOFException
	at java.base/java.io.DataInputStream.readUnsignedShort(DataInputStream.java:345)
	at java.base/java.io.DataInputStream.readUTF(DataInputStream.java:594)
	at java.base/java.io.DataInputStream.readUTF(DataInputStream.java:569)
	at client.Main.main(Main.java:33)
	at java.base/jdk.internal.reflect.NativeMethodAccessorImpl.invoke0(Native Method)
	at java.base/jdk.internal.reflect.NativeMethodAccessorImpl.invoke(NativeMethodAccessorImpl.java:62)
	at java.base/jdk.internal.reflect.DelegatingMethodAccessorImpl.invoke(DelegatingMethodAccessorImpl.java:43)
	at java.base/java.lang.reflect.Method.invoke(Method.java:566)
	at org.hyperskill.hstest.testing.execution.MainMethodExecutor.invokeMain(MainMethodExecutor.java:153)
	at org.hyperskill.hstest.testing.execution.MainMethodExecutor.lambda$launch$0(MainMethodExecutor.java:179)
	at java.base/java.util.concurrent.Executors$RunnableAdapter.call(Executors.java:515)
	at java.base/java.util.concurrent.FutureTask.run(FutureTask.java:264)
	at java.base/java.util.concurrent.ThreadPoolExecutor.runWorker(ThreadPoolExecutor.java:1128)
	at java.base/java.util.concurrent.ThreadPoolExecutor$Worker.run(ThreadPoolExecutor.java:628)
	at java.base/java.lang.Thread.run(Thread.java:834)
]]></system-err>
</testsuite>
